2025-06-29 17:20:29,462 - JobScraper - INFO - Logging to file: logs\demo_scraping.log
2025-06-29 17:20:29,462 - JobScraper - INFO - Logging initialized at level: INFO
2025-06-29 17:20:29,464 - JobScraper - INFO - Starting job scraper demonstration
2025-06-29 17:20:37,634 - JobScraper.jobs_ge.demo_scraping - INFO - [START] Demo scraping with pipeline: jobs_ge_it_remote
2025-06-29 17:20:37,635 - JobScraper.jobs_ge.demo_scraping - ERROR - [ERROR] Pipeline completed with errors | error_count=1
2025-06-29 17:20:37,636 - JobScraper.jobs_ge.demo_scraping - INFO - [COMPLETION] Demo scraping completed | Duration: 0.00s | Success: 0 | Errors: 1 | Warnings: 0
2025-06-29 17:20:37,637 - JobScraper - INFO - Job scraper demonstration completed successfully
2025-06-29 17:23:14,871 - JobScraper - INFO - Logging to file: logs\demo_scraping.log
2025-06-29 17:23:14,872 - JobScraper - INFO - Logging initialized at level: INFO
2025-06-29 17:23:14,872 - JobScraper - INFO - Starting job scraper demonstration
2025-06-29 17:23:27,564 - JobScraper.jobs_ge.demo_scraping - INFO - [START] Demo scraping with pipeline: jobs_ge_it_remote
2025-06-29 17:23:27,565 - JobScraper.jobs_ge.demo_scraping - ERROR - [ERROR] Pipeline completed with errors | error_count=1
2025-06-29 17:23:27,565 - JobScraper.jobs_ge.demo_scraping - INFO - [COMPLETION] Demo scraping completed | Duration: 0.00s | Success: 0 | Errors: 1 | Warnings: 0
2025-06-29 17:23:27,568 - JobScraper - INFO - Job scraper demonstration completed successfully
2025-06-29 17:25:33,115 - JobScraper - INFO - Logging to file: logs\demo_scraping.log
2025-06-29 17:25:33,116 - JobScraper - INFO - Logging initialized at level: INFO
2025-06-29 17:25:33,116 - JobScraper - INFO - Starting job scraper demonstration
2025-06-29 17:25:37,415 - JobScraper.jobs_ge.demo_scraping - INFO - [START] Demo scraping with pipeline: jobs_ge_it_remote
2025-06-29 17:25:37,415 - JobScraper.jobs_ge.demo_scraping - ERROR - [ERROR] Pipeline completed with errors | error_count=1
2025-06-29 17:25:37,416 - JobScraper.jobs_ge.demo_scraping - INFO - [COMPLETION] Demo scraping completed | Duration: 0.00s | Success: 0 | Errors: 1 | Warnings: 0
2025-06-29 17:25:37,418 - JobScraper - INFO - Job scraper demonstration completed successfully
2025-06-29 17:26:45,871 - JobScraper - INFO - Logging to file: logs\demo_scraping.log
2025-06-29 17:26:45,871 - JobScraper - INFO - Logging initialized at level: INFO
2025-06-29 17:26:45,872 - JobScraper - INFO - Starting job scraper demonstration
2025-06-29 17:26:49,427 - JobScraper.jobs_ge.demo_scraping - INFO - [START] Demo scraping with pipeline: jobs_ge_it_remote
2025-06-29 17:26:49,427 - JobScraper.jobs_ge.demo_scraping - ERROR - [ERROR] Pipeline completed with errors | error_count=1
2025-06-29 17:26:49,429 - JobScraper.jobs_ge.demo_scraping - INFO - [COMPLETION] Demo scraping completed | Duration: 0.00s | Success: 0 | Errors: 1 | Warnings: 0
2025-06-29 17:26:49,430 - JobScraper - INFO - Job scraper demonstration completed successfully
2025-06-29 17:27:52,521 - JobScraper - INFO - Logging to file: logs\demo_scraping.log
2025-06-29 17:27:52,521 - JobScraper - INFO - Logging initialized at level: INFO
2025-06-29 17:27:52,522 - JobScraper - INFO - Starting job scraper demonstration
2025-06-29 17:27:56,227 - JobScraper.jobs_ge.demo_scraping - INFO - [START] Demo scraping with pipeline: jobs_ge_it_remote
